Arguments: 
  C:\Program Files\nodejs\node.exe C:\Program Files (x86)\Yarn\bin\yarn.js add react-native-elements

PATH: 
  C:\Program Files (x86)\Python36-32\Scripts\;C:\Program Files (x86)\Python36-32\;C:\ProgramData\Oracle\Java\javapath;C:\Program Files (x86)\Intel\iCLS Client\;C:\Program Files\Intel\iCLS Client\;C:\WINDOWS\system32;C:\WINDOWS;C:\WINDOWS\System32\Wbem;C:\WINDOWS\System32\WindowsPowerShell\v1.0\;C:\Program Files (x86)\Intel\Intel(R) Management Engine Components\DAL;C:\Program Files\Intel\Intel(R) Management Engine Components\DAL;C:\Program Files (x86)\Intel\Intel(R) Management Engine Components\IPT;C:\Program Files\Intel\Intel(R) Management Engine Components\IPT;C:\Program Files\nodejs\;C:\Program Files (x86)\Yarn\bin\;C:\Program Files\Git\cmd;C:\Users\sprin\AppData\Local\Microsoft\WindowsApps;C:\Users\sprin\AppData\Local\GitHubDesktop\bin;C:\Users\sprin\AppData\Roaming\npm;C:\Users\sprin\AppData\Local\Yarn\bin;C:\Users\sprin\AppData\Local\Android\Sdk\platform-tools;

Yarn version: 
  1.6.0

Node version: 
  8.11.2

Platform: 
  win32 x64

Trace: 
  Error: EPERM: operation not permitted, unlink 'C:\reactnative\advanced\swipe\node_modules\ajv\dist'

npm manifest: 
  {
    "main": "node_modules/expo/AppEntry.js",
    "private": true,
    "dependencies": {
      "expo": "^27.0.1",
      "react": "16.3.1",
      "react-native": "https://github.com/expo/react-native/archive/sdk-27.0.0.tar.gz"
    }
  }

yarn manifest: 
  No manifest

Lockfile: 
  No lockfile
